TN:
SF:src/index.ts
FN:17,asyncHandler
FN:18,wrapped
FN:51,mainHandler
FN:58,onError
FNF:4
FNH:2
FNDA:4,asyncHandler
FNDA:3,wrapped
FNDA:0,mainHandler
FNDA:0,onError
DA:1,1
DA:3,1
DA:4,1
DA:5,1
DA:6,1
DA:8,1
DA:9,1
DA:11,1
DA:12,1
DA:17,4
DA:18,4
DA:19,3
DA:20,3
DA:21,4
DA:22,1
DA:23,2
DA:24,2
DA:25,1
DA:27,1
DA:28,1
DA:29,1
DA:30,1
DA:31,1
DA:33,1
DA:34,0
DA:35,0
DA:36,1
DA:38,1
DA:39,0
DA:40,0
DA:41,1
DA:44,1
DA:45,0
DA:47,0
DA:48,0
DA:49,0
DA:51,1
DA:52,0
DA:53,0
DA:56,1
DA:58,1
DA:60,0
DA:61,0
DA:62,0
DA:63,0
DA:65,1
DA:66,0
DA:67,0
DA:68,0
DA:69,0
DA:71,1
LF:51
LH:33
BRDA:65,0,0,0
BRDA:17,1,0,4
BRDA:18,2,0,3
BRDA:22,3,0,2
BRDA:27,4,0,1
BRF:5
BRH:4
end_of_record
TN:
SF:src/instrument.js
FNF:0
FNH:0
DA:1,1
DA:2,1
DA:3,1
DA:4,1
DA:5,1
DA:6,1
DA:7,1
DA:8,1
DA:9,1
LF:9
LH:9
BRDA:5,0,0,0
BRF:1
BRH:0
end_of_record
TN:
SF:src/storage.ts
FN:1,(empty-report)
FNF:1
FNH:0
FNDA:0,(empty-report)
DA:1,0
DA:6,0
DA:7,0
DA:8,0
DA:10,0
DA:11,0
DA:12,0
DA:13,0
DA:14,0
DA:16,0
DA:17,0
DA:19,0
DA:20,0
DA:21,0
DA:23,0
DA:24,0
DA:25,0
DA:27,0
DA:28,0
DA:29,0
DA:30,0
LF:21
LH:0
BRDA:1,0,0,0
BRF:1
BRH:0
end_of_record
TN:
SF:src/todos.ts
FN:10,getAllTodos
FN:14,addTodo
FN:27,toggleTodo
FN:37,deleteTodo
FNF:4
FNH:2
FNDA:2,getAllTodos
FNDA:1,addTodo
FNDA:0,toggleTodo
FNDA:0,deleteTodo
DA:1,1
DA:10,2
DA:11,2
DA:12,2
DA:14,1
DA:15,1
DA:16,1
DA:17,1
DA:18,1
DA:19,1
DA:20,1
DA:21,1
DA:22,1
DA:23,1
DA:24,1
DA:25,1
DA:27,0
DA:28,0
DA:29,0
DA:30,0
DA:31,0
DA:32,0
DA:33,0
DA:34,0
DA:35,0
DA:37,0
DA:38,0
DA:39,0
DA:40,0
DA:41,0
DA:42,0
LF:31
LH:16
BRDA:10,0,0,2
BRDA:14,1,0,1
BRF:2
BRH:2
end_of_record
